<?xml version="1.0" encoding="UTF-8"?>
<coverage generated="1534825545118" clover="3.2.0">
  <project timestamp="1534825545118" name="All files">
    <metrics statements="10" coveredstatements="10" conditionals="8" coveredconditionals="8" methods="5" coveredmethods="5" elements="23" coveredelements="23" complexity="0" loc="10" ncloc="10" packages="1" files="2" classes="2">
      <file name="TodoTextInput.js" path="C:\Users\thanh.nguyen3\Desktop\babel-webpack-playground\src\components\TodoTextInput.js">
        <metrics statements="9" coveredstatements="9" conditionals="8" coveredconditionals="8" methods="4" coveredmethods="4"/>
        <line num="19" count="3" type="stmt"/>
        <line num="20" count="3" type="cond" truecount="2" falsecount="0"/>
        <line num="21" count="2" type="stmt"/>
        <line num="22" count="2" type="cond" truecount="2" falsecount="0"/>
        <line num="23" count="1" type="stmt"/>
        <line num="29" count="1" type="stmt"/>
        <line num="33" count="2" type="cond" truecount="2" falsecount="0"/>
        <line num="34" count="1" type="stmt"/>
        <line num="39" count="12" type="stmt"/>
      </file>
      <file name="button.js" path="C:\Users\thanh.nguyen3\Desktop\babel-webpack-playground\src\components\button.js">
        <metrics statements="1" coveredstatements="1" conditionals="0" coveredconditionals="0" methods="1" coveredmethods="1"/>
        <line num="5" count="4" type="stmt"/>
      </file>
    </metrics>
  </project>
</coverage>
