{"C:\\Users\\thanh.nguyen3\\Desktop\\babel-webpack-playground\\src\\components\\TodoTextInput.js": {"path":"C:\\Users\\thanh.nguyen3\\Desktop\\babel-webpack-playground\\src\\components\\TodoTextInput.js","statementMap":{"0":{"start":{"line":19,"column":17},"end":{"line":19,"column":38}},"1":{"start":{"line":20,"column":4},"end":{"line":25,"column":5}},"2":{"start":{"line":21,"column":6},"end":{"line":21,"column":29}},"3":{"start":{"line":22,"column":6},"end":{"line":24,"column":7}},"4":{"start":{"line":23,"column":8},"end":{"line":23,"column":35}},"5":{"start":{"line":29,"column":4},"end":{"line":29,"column":43}},"6":{"start":{"line":33,"column":4},"end":{"line":35,"column":5}},"7":{"start":{"line":34,"column":6},"end":{"line":34,"column":39}},"8":{"start":{"line":39,"column":4},"end":{"line":52,"column":5}}},"fnMap":{"0":{"name":"(anonymous_0)","decl":{"start":{"line":18,"column":17},"end":{"line":18,"column":18}},"loc":{"start":{"line":18,"column":22},"end":{"line":26,"column":3}},"line":18},"1":{"name":"(anonymous_1)","decl":{"start":{"line":28,"column":17},"end":{"line":28,"column":18}},"loc":{"start":{"line":28,"column":22},"end":{"line":30,"column":3}},"line":28},"2":{"name":"(anonymous_2)","decl":{"start":{"line":32,"column":15},"end":{"line":32,"column":16}},"loc":{"start":{"line":32,"column":20},"end":{"line":36,"column":3}},"line":32},"3":{"name":"(anonymous_3)","decl":{"start":{"line":38,"column":2},"end":{"line":38,"column":3}},"loc":{"start":{"line":38,"column":11},"end":{"line":53,"column":3}},"line":38}},"branchMap":{"0":{"loc":{"start":{"line":15,"column":10},"end":{"line":15,"column":31}},"type":"binary-expr","locations":[{"start":{"line":15,"column":10},"end":{"line":15,"column":25}},{"start":{"line":15,"column":29},"end":{"line":15,"column":31}}],"line":15},"1":{"loc":{"start":{"line":20,"column":4},"end":{"line":25,"column":5}},"type":"if","locations":[{"start":{"line":20,"column":4},"end":{"line":25,"column":5}},{"start":{"line":20,"column":4},"end":{"line":25,"column":5}}],"line":20},"2":{"loc":{"start":{"line":22,"column":6},"end":{"line":24,"column":7}},"type":"if","locations":[{"start":{"line":22,"column":6},"end":{"line":24,"column":7}},{"start":{"line":22,"column":6},"end":{"line":24,"column":7}}],"line":22},"3":{"loc":{"start":{"line":33,"column":4},"end":{"line":35,"column":5}},"type":"if","locations":[{"start":{"line":33,"column":4},"end":{"line":35,"column":5}},{"start":{"line":33,"column":4},"end":{"line":35,"column":5}}],"line":33}},"s":{"0":3,"1":3,"2":2,"3":2,"4":1,"5":1,"6":2,"7":1,"8":12},"f":{"0":3,"1":1,"2":2,"3":12},"b":{"0":[10,9],"1":[2,1],"2":[1,1],"3":[1,1]},"_coverageSchema":"332fd63041d2c1bcb487cc26dd0d5f7d97098a6c","hash":"7e3b072c21e5d6fb6d638914d6accc608163e81e"}
,"C:\\Users\\thanh.nguyen3\\Desktop\\babel-webpack-playground\\src\\components\\button.js": {"path":"C:\\Users\\thanh.nguyen3\\Desktop\\babel-webpack-playground\\src\\components\\button.js","statementMap":{"0":{"start":{"line":5,"column":4},"end":{"line":7,"column":13}}},"fnMap":{"0":{"name":"(anonymous_0)","decl":{"start":{"line":4,"column":2},"end":{"line":4,"column":3}},"loc":{"start":{"line":4,"column":11},"end":{"line":8,"column":3}},"line":4}},"branchMap":{},"s":{"0":4},"f":{"0":4},"b":{},"_coverageSchema":"332fd63041d2c1bcb487cc26dd0d5f7d97098a6c","hash":"505cc3fe579fc7b83ba781f8ad78226bcf401eef"}
}
