TN:
SF:C:\Users\thanh.nguyen3\Desktop\babel-webpack-playground\src\components\TodoTextInput.js
FN:18,(anonymous_0)
FN:28,(anonymous_1)
FN:32,(anonymous_2)
FN:38,(anonymous_3)
FNF:4
FNH:4
FNDA:3,(anonymous_0)
FNDA:1,(anonymous_1)
FNDA:2,(anonymous_2)
FNDA:12,(anonymous_3)
DA:19,3
DA:20,3
DA:21,2
DA:22,2
DA:23,1
DA:29,1
DA:33,2
DA:34,1
DA:39,12
LF:9
LH:9
BRDA:15,0,0,10
BRDA:15,0,1,9
BRDA:20,1,0,2
BRDA:20,1,1,1
BRDA:22,2,0,1
BRDA:22,2,1,1
BRDA:33,3,0,1
BRDA:33,3,1,1
BRF:8
BRH:8
end_of_record
TN:
SF:C:\Users\thanh.nguyen3\Desktop\babel-webpack-playground\src\components\button.js
FN:4,(anonymous_0)
FNF:1
FNH:1
FNDA:4,(anonymous_0)
DA:5,4
LF:1
LH:1
BRF:0
BRH:0
end_of_record
